<?xml version="1.0" encoding="UTF-8"?>
<testng-results ignored="0" total="6" passed="6" failed="0" skipped="0">
  <reporter-output>
  </reporter-output>
  <suite started-at="2024-08-30T22:26:49 IST" name="Default suite" finished-at="2024-08-30T22:27:54 IST" duration-ms="65670">
    <groups>
      <group name="cucumber">
        <method signature="AbstractTestNGCucumberTests.runScenario(io.cucumber.testng.PickleWrapper,io.cucumber.testng.FeatureWrapper)[pri:0, instance:Runner2.runner@6f10d5b6]" name="runScenario" class="io.cucumber.testng.AbstractTestNGCucumberTests"/>
      </group> <!-- cucumber -->
    </groups>
    <test started-at="2024-08-30T22:26:49 IST" name="Default test" finished-at="2024-08-30T22:27:54 IST" duration-ms="65670">
      <class name="Runner2.runner">
        <test-method is-config="true" signature="setUpClass(org.testng.ITestContext)[pri:0, instance:Runner2.runner@6f10d5b6]" started-at="2024-08-30T22:26:49 IST" name="setUpClass" finished-at="2024-08-30T22:26:49 IST" duration-ms="398" status="PASS">
          <params>
            <param index="0">
              <value>
                <![CDATA[org.testng.TestRunner@1e692555]]>
              </value>
            </param>
          </params>
          <reporter-output>
          </reporter-output>
        </test-method> <!-- setUpClass -->
        <test-method signature="runScenario(io.cucumber.testng.PickleWrapper,io.cucumber.testng.FeatureWrapper)[pri:0, instance:Runner2.runner@6f10d5b6]" started-at="2024-08-30T22:26:49 IST" name="runScenario" description="Runs Cucumber Scenarios" data-provider="scenarios" finished-at="2024-08-30T22:26:57 IST" duration-ms="7756" status="PASS">
          <params>
            <param index="0">
              <value>
                <![CDATA["Validating the working functionality of Pincodes"]]>
              </value>
            </param>
            <param index="1">
              <value>
                <![CDATA["Bike Accessories"]]>
              </value>
            </param>
          </params>
          <reporter-output>
          </reporter-output>
        </test-method> <!-- runScenario -->
        <test-method signature="runScenario(io.cucumber.testng.PickleWrapper,io.cucumber.testng.FeatureWrapper)[pri:0, instance:Runner2.runner@6f10d5b6]" started-at="2024-08-30T22:26:57 IST" name="runScenario" description="Runs Cucumber Scenarios" data-provider="scenarios" finished-at="2024-08-30T22:27:07 IST" duration-ms="10609" status="PASS">
          <params>
            <param index="0">
              <value>
                <![CDATA["Validating the working functionality of Applying and Narrowin Filters"]]>
              </value>
            </param>
            <param index="1">
              <value>
                <![CDATA["Bike Accessories"]]>
              </value>
            </param>
          </params>
          <reporter-output>
          </reporter-output>
        </test-method> <!-- runScenario -->
        <test-method signature="runScenario(io.cucumber.testng.PickleWrapper,io.cucumber.testng.FeatureWrapper)[pri:0, instance:Runner2.runner@6f10d5b6]" started-at="2024-08-30T22:27:07 IST" name="runScenario" description="Runs Cucumber Scenarios" data-provider="scenarios" finished-at="2024-08-30T22:27:21 IST" duration-ms="13560" status="PASS">
          <params>
            <param index="0">
              <value>
                <![CDATA["Validating the working functionality of Price Range Checkboxes"]]>
              </value>
            </param>
            <param index="1">
              <value>
                <![CDATA["Bike Accessories"]]>
              </value>
            </param>
          </params>
          <reporter-output>
          </reporter-output>
        </test-method> <!-- runScenario -->
        <test-method signature="runScenario(io.cucumber.testng.PickleWrapper,io.cucumber.testng.FeatureWrapper)[pri:0, instance:Runner2.runner@6f10d5b6]" started-at="2024-08-30T22:27:21 IST" name="runScenario" description="Runs Cucumber Scenarios" data-provider="scenarios" finished-at="2024-08-30T22:27:31 IST" duration-ms="9560" status="PASS">
          <params>
            <param index="0">
              <value>
                <![CDATA["Validating the working functionality of Different Price Range Product"]]>
              </value>
            </param>
            <param index="1">
              <value>
                <![CDATA["Bike Accessories"]]>
              </value>
            </param>
          </params>
          <reporter-output>
          </reporter-output>
        </test-method> <!-- runScenario -->
        <test-method signature="runScenario(io.cucumber.testng.PickleWrapper,io.cucumber.testng.FeatureWrapper)[pri:0, instance:Runner2.runner@6f10d5b6]" started-at="2024-08-30T22:27:31 IST" name="runScenario" description="Runs Cucumber Scenarios" data-provider="scenarios" finished-at="2024-08-30T22:27:46 IST" duration-ms="15123" status="PASS">
          <params>
            <param index="0">
              <value>
                <![CDATA["Validating the working functionality of Car and Bike Accessories"]]>
              </value>
            </param>
            <param index="1">
              <value>
                <![CDATA["Bike Accessories"]]>
              </value>
            </param>
          </params>
          <reporter-output>
          </reporter-output>
        </test-method> <!-- runScenario -->
        <test-method signature="runScenario(io.cucumber.testng.PickleWrapper,io.cucumber.testng.FeatureWrapper)[pri:0, instance:Runner2.runner@6f10d5b6]" started-at="2024-08-30T22:27:46 IST" name="runScenario" description="Runs Cucumber Scenarios" data-provider="scenarios" finished-at="2024-08-30T22:27:54 IST" duration-ms="8519" status="PASS">
          <params>
            <param index="0">
              <value>
                <![CDATA["Validating the working functionality of Increasing product Quantities"]]>
              </value>
            </param>
            <param index="1">
              <value>
                <![CDATA["Bike Accessories"]]>
              </value>
            </param>
          </params>
          <reporter-output>
          </reporter-output>
        </test-method> <!-- runScenario -->
        <test-method is-config="true" signature="tearDownClass()[pri:0, instance:Runner2.runner@6f10d5b6]" started-at="2024-08-30T22:27:54 IST" name="tearDownClass" finished-at="2024-08-30T22:27:54 IST" duration-ms="0" status="PASS">
          <reporter-output>
          </reporter-output>
        </test-method> <!-- tearDownClass -->
      </class> <!-- Runner2.runner -->
    </test> <!-- Default test -->
  </suite> <!-- Default suite -->
</testng-results>
